

2025-11-28 19:13:39 - Page Loaded
User ID: 1
Request Method: GET
POST Data: Array
(
)

Total announcements found: 0


2025-11-28 19:13:40 - Page Loaded
User ID: 1
Request Method: GET
POST Data: Array
(
)

Total announcements found: 0


2025-11-28 19:19:53 - Page Loaded
User ID: 1
Request Method: GET
POST Data: Array
(
)

Total announcements found: 0


2025-11-28 22:43:29 - Page Loaded
User ID: 1
Request Method: GET
POST Data: Array
(
)

Total announcements found: 0


2025-12-07 14:08:53 - Page Loaded
User ID: 1
Request Method: GET
POST Data: Array
(
)

Total announcements found: 0
